20:33:38 **** Incremental Build of configuration Debug for project blankproj ****
make all 
Building file: ../src/blankproj.c
Invoking: Cross GCC Compiler
gcc -O0 -g3 -Wall -c -fmessage-length=0 -MMD -MP -MF"src/blankproj.d" -MT"src/blankproj.o" -o "src/blankproj.o" "../src/blankproj.c"
../src/blankproj.c:13:27: fatal error: stm32f3xx_hal.h: No such file or directory
compilation terminated.
make: *** [src/subdir.mk:20: src/blankproj.o] Error 1
"make all" terminated with exit code 2. Build might be incomplete.

20:33:39 Build Failed. 2 errors, 0 warnings. (took 971ms)

